# Logfile created on 2019-11-29 00:58:48 -0400 by logger.rb/31641
D, [2019-11-29T00:58:48.969443 #52547] DEBUG -- : REQUESTING PAGE: GET / with {} and HTTP headers {}
D, [2019-11-29T00:58:49.184213 #52547] DEBUG -- : REQUESTING PAGE: GET / with {} and HTTP headers {}
D, [2019-11-29T00:58:49.187802 #52547] DEBUG -- : REQUESTING PAGE: POST /ingresar with {"monto"=>"100"} and HTTP headers {"HTTP_REFERER"=>"/"}
D, [2019-11-29T00:58:49.195347 #52547] DEBUG -- : REQUESTING PAGE: GET / with {} and HTTP headers {}
D, [2019-11-29T00:58:49.198665 #52547] DEBUG -- : REQUESTING PAGE: POST /ingresar with {"monto"=>"300"} and HTTP headers {"HTTP_REFERER"=>"/"}
D, [2019-11-29T00:58:49.203408 #52547] DEBUG -- : REQUESTING PAGE: POST /retirar with {"retiro"=>"100"} and HTTP headers {"HTTP_REFERER"=>"/ingresar"}
D, [2019-11-29T10:04:55.956936 #53863] DEBUG -- : REQUESTING PAGE: GET / with {} and HTTP headers {}
D, [2019-11-29T10:04:56.035463 #53863] DEBUG -- : REQUESTING PAGE: GET / with {} and HTTP headers {}
D, [2019-11-29T10:04:56.039629 #53863] DEBUG -- : REQUESTING PAGE: POST /ingresar with {"monto"=>"100"} and HTTP headers {"HTTP_REFERER"=>"/"}
D, [2019-11-29T10:04:56.046260 #53863] DEBUG -- : REQUESTING PAGE: GET / with {} and HTTP headers {}
D, [2019-11-29T10:04:56.049469 #53863] DEBUG -- : REQUESTING PAGE: POST /ingresar with {"monto"=>"300"} and HTTP headers {"HTTP_REFERER"=>"/"}
D, [2019-11-29T10:04:56.053508 #53863] DEBUG -- : REQUESTING PAGE: POST /retirar with {"retiro"=>"100"} and HTTP headers {"HTTP_REFERER"=>"/ingresar"}
D, [2019-11-29T10:29:07.639439 #54748] DEBUG -- : REQUESTING PAGE: GET / with {} and HTTP headers {}
D, [2019-11-29T10:29:07.719423 #54748] DEBUG -- : REQUESTING PAGE: GET / with {} and HTTP headers {}
D, [2019-11-29T10:29:07.725033 #54748] DEBUG -- : REQUESTING PAGE: POST /ingresar with {"monto"=>"100"} and HTTP headers {"HTTP_REFERER"=>"/"}
D, [2019-11-29T10:29:07.733362 #54748] DEBUG -- : REQUESTING PAGE: GET / with {} and HTTP headers {}
D, [2019-11-29T10:29:07.737356 #54748] DEBUG -- : REQUESTING PAGE: POST /ingresar with {"monto"=>"300"} and HTTP headers {"HTTP_REFERER"=>"/"}
D, [2019-11-29T10:29:07.748125 #54748] DEBUG -- : REQUESTING PAGE: POST /retirar with {"retiro"=>"100"} and HTTP headers {"HTTP_REFERER"=>"/ingresar"}
D, [2019-11-29T11:05:56.230394 #55254] DEBUG -- : REQUESTING PAGE: GET / with {} and HTTP headers {}
D, [2019-11-29T11:05:56.298677 #55254] DEBUG -- : REQUESTING PAGE: GET / with {} and HTTP headers {}
D, [2019-11-29T11:05:56.304246 #55254] DEBUG -- : REQUESTING PAGE: POST /ingresar with {"monto"=>"100"} and HTTP headers {"HTTP_REFERER"=>"/"}
D, [2019-11-29T11:05:56.312474 #55254] DEBUG -- : REQUESTING PAGE: GET / with {} and HTTP headers {}
D, [2019-11-29T11:05:56.315574 #55254] DEBUG -- : REQUESTING PAGE: POST /ingresar with {"monto"=>"300"} and HTTP headers {"HTTP_REFERER"=>"/"}
D, [2019-11-29T11:05:56.335784 #55254] DEBUG -- : REQUESTING PAGE: POST /retirar with {"retiro"=>"100"} and HTTP headers {"HTTP_REFERER"=>"/ingresar"}
D, [2019-11-29T11:06:29.446768 #55485] DEBUG -- : REQUESTING PAGE: GET / with {} and HTTP headers {}
D, [2019-11-29T11:06:29.525084 #55485] DEBUG -- : REQUESTING PAGE: GET / with {} and HTTP headers {}
D, [2019-11-29T11:06:29.528366 #55485] DEBUG -- : REQUESTING PAGE: POST /ingresar with {"monto"=>"100"} and HTTP headers {"HTTP_REFERER"=>"/"}
D, [2019-11-29T11:06:29.537031 #55485] DEBUG -- : REQUESTING PAGE: GET / with {} and HTTP headers {}
D, [2019-11-29T11:06:29.540493 #55485] DEBUG -- : REQUESTING PAGE: POST /ingresar with {"monto"=>"300"} and HTTP headers {"HTTP_REFERER"=>"/"}
D, [2019-11-29T11:06:29.544292 #55485] DEBUG -- : REQUESTING PAGE: POST /retirar with {"retiro"=>"100"} and HTTP headers {"HTTP_REFERER"=>"/ingresar"}
D, [2019-11-29T11:06:44.281223 #55621] DEBUG -- : REQUESTING PAGE: GET / with {} and HTTP headers {}
D, [2019-11-29T11:06:44.336833 #55621] DEBUG -- : REQUESTING PAGE: GET / with {} and HTTP headers {}
D, [2019-11-29T11:06:44.340570 #55621] DEBUG -- : REQUESTING PAGE: POST /ingresar with {"monto"=>"100"} and HTTP headers {"HTTP_REFERER"=>"/"}
D, [2019-11-29T11:06:44.348913 #55621] DEBUG -- : REQUESTING PAGE: GET / with {} and HTTP headers {}
D, [2019-11-29T11:06:44.351681 #55621] DEBUG -- : REQUESTING PAGE: POST /ingresar with {"monto"=>"300"} and HTTP headers {"HTTP_REFERER"=>"/"}
D, [2019-11-29T11:06:44.354087 #55621] DEBUG -- : REQUESTING PAGE: POST /retirar with {"retiro"=>"100"} and HTTP headers {"HTTP_REFERER"=>"/ingresar"}
D, [2019-12-02T14:30:38.016916 #14800] DEBUG -- : REQUESTING PAGE: GET / with {} and HTTP headers {}
D, [2019-12-02T14:31:23.391900 #8316] DEBUG -- : REQUESTING PAGE: GET / with {} and HTTP headers {}
D, [2019-12-02T14:32:10.587329 #7380] DEBUG -- : REQUESTING PAGE: GET / with {} and HTTP headers {}
D, [2019-12-02T14:33:18.212059 #25572] DEBUG -- : REQUESTING PAGE: GET / with {} and HTTP headers {}
D, [2019-12-02T14:35:20.245360 #24808] DEBUG -- : REQUESTING PAGE: GET / with {} and HTTP headers {}
D, [2019-12-02T14:35:52.192077 #6408] DEBUG -- : REQUESTING PAGE: GET / with {} and HTTP headers {}
D, [2019-12-02T14:38:19.597868 #16360] DEBUG -- : REQUESTING PAGE: GET / with {} and HTTP headers {}
D, [2019-12-02T17:40:02.653874 #26224] DEBUG -- : REQUESTING PAGE: GET / with {} and HTTP headers {}
D, [2019-12-03T11:01:32.433993 #15012] DEBUG -- : REQUESTING PAGE: GET / with {} and HTTP headers {}
D, [2019-12-03T11:02:45.107713 #10744] DEBUG -- : REQUESTING PAGE: GET / with {} and HTTP headers {}
D, [2019-12-03T11:03:11.226047 #18956] DEBUG -- : REQUESTING PAGE: GET / with {} and HTTP headers {}
D, [2019-12-03T11:03:11.316829 #18956] DEBUG -- : REQUESTING PAGE: GET / with {} and HTTP headers {}
D, [2019-12-03T11:09:48.263987 #12284] DEBUG -- : REQUESTING PAGE: GET / with {} and HTTP headers {}
D, [2019-12-03T11:09:48.390307 #12284] DEBUG -- : REQUESTING PAGE: GET / with {} and HTTP headers {}
D, [2019-12-03T11:10:32.643381 #21704] DEBUG -- : REQUESTING PAGE: GET / with {} and HTTP headers {}
D, [2019-12-03T11:10:32.744130 #21704] DEBUG -- : REQUESTING PAGE: GET / with {} and HTTP headers {}
D, [2019-12-03T11:11:59.594453 #6900] DEBUG -- : REQUESTING PAGE: GET / with {} and HTTP headers {}
D, [2019-12-03T11:11:59.722347 #6900] DEBUG -- : REQUESTING PAGE: GET / with {} and HTTP headers {}
D, [2019-12-03T11:13:33.645629 #21360] DEBUG -- : REQUESTING PAGE: GET / with {} and HTTP headers {}
D, [2019-12-03T11:13:33.759588 #21360] DEBUG -- : REQUESTING PAGE: GET / with {} and HTTP headers {}
D, [2019-12-03T11:13:52.040600 #10652] DEBUG -- : REQUESTING PAGE: GET / with {} and HTTP headers {}
D, [2019-12-03T11:13:52.164464 #10652] DEBUG -- : REQUESTING PAGE: GET / with {} and HTTP headers {}
D, [2019-12-03T11:15:42.891938 #17816] DEBUG -- : REQUESTING PAGE: GET / with {} and HTTP headers {}
D, [2019-12-03T11:15:43.031116 #17816] DEBUG -- : REQUESTING PAGE: GET / with {} and HTTP headers {}
D, [2019-12-03T11:18:47.969860 #20320] DEBUG -- : REQUESTING PAGE: GET / with {} and HTTP headers {}
D, [2019-12-03T11:18:48.108299 #20320] DEBUG -- : REQUESTING PAGE: GET / with {} and HTTP headers {}
D, [2019-12-03T11:19:37.695449 #24968] DEBUG -- : REQUESTING PAGE: GET / with {} and HTTP headers {}
D, [2019-12-03T11:19:37.813234 #24968] DEBUG -- : REQUESTING PAGE: GET / with {} and HTTP headers {}
D, [2019-12-03T11:20:34.371887 #21392] DEBUG -- : REQUESTING PAGE: GET / with {} and HTTP headers {}
D, [2019-12-03T11:20:34.453812 #21392] DEBUG -- : REQUESTING PAGE: GET / with {} and HTTP headers {}
D, [2019-12-03T11:21:16.826860 #14504] DEBUG -- : REQUESTING PAGE: GET / with {} and HTTP headers {}
D, [2019-12-03T11:22:35.265687 #22512] DEBUG -- : REQUESTING PAGE: GET / with {} and HTTP headers {}
D, [2019-12-03T11:23:12.751502 #11448] DEBUG -- : REQUESTING PAGE: GET / with {} and HTTP headers {}
D, [2019-12-03T11:23:39.605112 #9828] DEBUG -- : REQUESTING PAGE: GET / with {} and HTTP headers {}
D, [2019-12-03T11:26:08.924711 #12388] DEBUG -- : REQUESTING PAGE: GET / with {} and HTTP headers {}
D, [2019-12-03T11:26:20.823299 #25244] DEBUG -- : REQUESTING PAGE: GET / with {} and HTTP headers {}
D, [2019-12-04T12:05:58.691366 #14304] DEBUG -- : REQUESTING PAGE: GET / with {} and HTTP headers {}
D, [2019-12-04T17:58:22.478358 #24392] DEBUG -- : REQUESTING PAGE: GET / with {} and HTTP headers {}
D, [2019-12-04T17:58:46.828418 #21068] DEBUG -- : REQUESTING PAGE: GET / with {} and HTTP headers {}
D, [2019-12-04T18:17:27.995702 #15076] DEBUG -- : REQUESTING PAGE: GET / with {} and HTTP headers {}
D, [2019-12-04T18:18:29.464664 #17480] DEBUG -- : REQUESTING PAGE: GET / with {} and HTTP headers {}
D, [2019-12-04T18:49:42.907572 #7828] DEBUG -- : REQUESTING PAGE: GET / with {} and HTTP headers {}
D, [2019-12-04T18:52:18.089819 #8676] DEBUG -- : REQUESTING PAGE: GET / with {} and HTTP headers {}
D, [2019-12-04T18:53:16.196279 #24896] DEBUG -- : REQUESTING PAGE: GET / with {} and HTTP headers {}
D, [2019-12-04T18:55:06.659377 #18328] DEBUG -- : REQUESTING PAGE: GET / with {} and HTTP headers {}
D, [2019-12-04T19:03:47.247316 #12832] DEBUG -- : REQUESTING PAGE: GET / with {} and HTTP headers {}
D, [2019-12-04T19:03:47.314714 #12832] DEBUG -- : REQUESTING PAGE: GET / with {} and HTTP headers {}
D, [2019-12-04T19:04:30.496986 #19876] DEBUG -- : REQUESTING PAGE: GET / with {} and HTTP headers {}
D, [2019-12-04T19:04:30.565269 #19876] DEBUG -- : REQUESTING PAGE: GET / with {} and HTTP headers {}
D, [2019-12-04T23:55:32.497544 #18064] DEBUG -- : REQUESTING PAGE: GET / with {} and HTTP headers {}
D, [2019-12-04T23:55:32.585916 #18064] DEBUG -- : REQUESTING PAGE: GET / with {} and HTTP headers {}
D, [2019-12-04T23:57:25.245856 #6112] DEBUG -- : REQUESTING PAGE: GET / with {} and HTTP headers {}
D, [2019-12-04T23:57:25.400346 #6112] DEBUG -- : REQUESTING PAGE: GET / with {} and HTTP headers {}
